<?xml version="1.0" encoding="UTF-8"?>
<!-- Generated by org.testng.reporters.JUnitXMLReporter -->
<testsuite hostname="DESKTOP-CP4RQU0" ignored="0" name="Default test" tests="8" failures="0" timestamp="2021-11-02T18:51:21 IST" time="12.364" errors="0">
  <testcase name="verifyClientSideButton" time="1.461" classname="Clients.AddClientTest"/>
  <testcase name="verifyClientAddButton" time="0.289" classname="Clients.AddClientTest"/>
  <testcase name="clientFirstAndLastName" time="0.363" classname="Clients.AddClientTest"/>
  <testcase name="clientEmail" time="0.302" classname="Clients.AddClientTest"/>
  <testcase name="clientAddress" time="0.41" classname="Clients.AddClientTest"/>
  <testcase name="clientPhNoAndFax" time="0.269" classname="Clients.AddClientTest"/>
  <testcase name="clientWebsite" time="0.233" classname="Clients.AddClientTest"/>
  <testcase name="clientPhoto" time="3.043" classname="Clients.AddClientTest"/>
</testsuite> <!-- Default test -->
