<?xml version="1.0" encoding="UTF-8"?>
<!-- Generated by org.testng.reporters.JUnitXMLReporter -->
<testsuite hostname="DESKTOP-CP4RQU0" ignored="0" name="Default test" tests="7" failures="0" timestamp="2021-11-03T15:35:04 IST" time="13.3" errors="0">
  <testcase name="verifyClientSideButton" time="1.412" classname="Clients.EditClientTest"/>
  <testcase name="validateClient" time="0.71" classname="Clients.EditClientTest"/>
  <testcase name="clientFirstAndLastName" time="0.624" classname="Clients.EditClientTest"/>
  <testcase name="clientAddress" time="0.473" classname="Clients.EditClientTest"/>
  <testcase name="clientPhNoAndFax" time="0.421" classname="Clients.EditClientTest"/>
  <testcase name="clientWebsite" time="0.275" classname="Clients.EditClientTest"/>
  <testcase name="clientPhoto" time="3.07" classname="Clients.EditClientTest"/>
</testsuite> <!-- Default test -->
