<?xml version="1.0" encoding="UTF-8"?>
<testng-results skipped="0" failed="0" ignored="0" total="4" passed="4">
  <reporter-output>
  </reporter-output>
  <suite name="Suite" duration-ms="68215" started-at="2021-04-26T14:39:56 IST" finished-at="2021-04-26T14:41:04 IST">
    <groups>
    </groups>
    <test name="Validating Basic Page" duration-ms="16258" started-at="2021-04-26T14:39:56 IST" finished-at="2021-04-26T14:40:13 IST">
      <class name="POMTutorial.BasePageTest">
        <test-method status="PASS" signature="bTest()[pri:0, instance:POMTutorial.BasePageTest@4f67eb2a]" name="bTest" is-config="true" duration-ms="2522" started-at="2021-04-26T14:39:56 IST" finished-at="2021-04-26T14:39:59 IST">
          <reporter-output>
          </reporter-output>
        </test-method> <!-- bTest -->
        <test-method status="PASS" signature="BasicSitePageTest()[pri:0, instance:POMTutorial.BasePageTest@4f67eb2a]" name="BasicSitePageTest" duration-ms="6414" started-at="2021-04-26T14:39:59 IST" finished-at="2021-04-26T14:40:05 IST">
          <reporter-output>
          </reporter-output>
        </test-method> <!-- BasicSitePageTest -->
        <test-method status="PASS" signature="PageTitle()[pri:0, instance:POMTutorial.BasePageTest@4f67eb2a]" name="PageTitle" duration-ms="3031" started-at="2021-04-26T14:40:05 IST" finished-at="2021-04-26T14:40:08 IST">
          <reporter-output>
          </reporter-output>
        </test-method> <!-- PageTitle -->
        <test-method status="PASS" signature="aTest()[pri:0, instance:POMTutorial.BasePageTest@4f67eb2a]" name="aTest" is-config="true" duration-ms="4233" started-at="2021-04-26T14:40:08 IST" finished-at="2021-04-26T14:40:13 IST">
          <reporter-output>
          </reporter-output>
        </test-method> <!-- aTest -->
      </class> <!-- POMTutorial.BasePageTest -->
    </test> <!-- Validating Basic Page -->
    <test name="Validating Login Page" duration-ms="51848" started-at="2021-04-26T14:40:13 IST" finished-at="2021-04-26T14:41:04 IST">
      <class name="POMTutorial.LoginPageTest">
        <test-method status="PASS" signature="bTest()[pri:0, instance:POMTutorial.LoginPageTest@62e7f11d]" name="bTest" is-config="true" duration-ms="1518" started-at="2021-04-26T14:40:13 IST" finished-at="2021-04-26T14:40:14 IST">
          <reporter-output>
          </reporter-output>
        </test-method> <!-- bTest -->
        <test-method status="PASS" signature="UserLoggedinPageTest(java.lang.String, java.lang.String, java.lang.String)[pri:0, instance:POMTutorial.LoginPageTest@62e7f11d]" name="UserLoggedinPageTest" duration-ms="25162" started-at="2021-04-26T14:40:14 IST" data-provider="getData" finished-at="2021-04-26T14:40:39 IST">
          <params>
            <param index="0">
              <value>
                <![CDATA[ezizo.zidane.1232@googleappmail.com]]>
              </value>
            </param>
            <param index="1">
              <value>
                <![CDATA[Devtest123@]]>
              </value>
            </param>
            <param index="2">
              <value>
                <![CDATA[Authorised User]]>
              </value>
            </param>
          </params>
          <reporter-output>
          </reporter-output>
        </test-method> <!-- UserLoggedinPageTest -->
        <test-method status="PASS" signature="UserLoggedinPageTest(java.lang.String, java.lang.String, java.lang.String)[pri:0, instance:POMTutorial.LoginPageTest@62e7f11d]" name="UserLoggedinPageTest" duration-ms="20949" started-at="2021-04-26T14:40:39 IST" data-provider="getData" finished-at="2021-04-26T14:41:00 IST">
          <params>
            <param index="0">
              <value>
                <![CDATA[zchah@asdbwegweq.xyz]]>
              </value>
            </param>
            <param index="1">
              <value>
                <![CDATA[Devtest123@]]>
              </value>
            </param>
            <param index="2">
              <value>
                <![CDATA[Second User]]>
              </value>
            </param>
          </params>
          <reporter-output>
          </reporter-output>
        </test-method> <!-- UserLoggedinPageTest -->
        <test-method status="PASS" signature="teardown()[pri:0, instance:POMTutorial.LoginPageTest@62e7f11d]" name="teardown" is-config="true" duration-ms="4217" started-at="2021-04-26T14:41:00 IST" finished-at="2021-04-26T14:41:04 IST">
          <reporter-output>
          </reporter-output>
        </test-method> <!-- teardown -->
      </class> <!-- POMTutorial.LoginPageTest -->
    </test> <!-- Validating Login Page -->
  </suite> <!-- Suite -->
</testng-results>
