<?xml version="1.0" encoding="UTF-8"?>
<testng-results skipped="0" failed="0" ignored="0" total="7" passed="7">
  <reporter-output>
  </reporter-output>
  <suite name="Default suite" duration-ms="13300" started-at="2021-11-03T15:34:51 IST" finished-at="2021-11-03T15:35:04 IST">
    <groups>
    </groups>
    <test name="Default test" duration-ms="13300" started-at="2021-11-03T15:34:51 IST" finished-at="2021-11-03T15:35:04 IST">
      <class name="Clients.EditClientTest">
        <test-method status="PASS" signature="bTest()[pri:0, instance:Clients.EditClientTest@229c6181]" name="bTest" is-config="true" duration-ms="6238" started-at="2021-11-03T15:34:51 IST" finished-at="2021-11-03T15:34:57 IST">
          <reporter-output>
          </reporter-output>
        </test-method> <!-- bTest -->
        <test-method status="PASS" signature="verifyClientSideButton()[pri:0, instance:Clients.EditClientTest@229c6181]" name="verifyClientSideButton" duration-ms="1412" started-at="2021-11-03T15:34:57 IST" finished-at="2021-11-03T15:34:58 IST">
          <reporter-output>
          </reporter-output>
        </test-method> <!-- verifyClientSideButton -->
        <test-method status="PASS" signature="validateClient()[pri:1, instance:Clients.EditClientTest@229c6181]" name="validateClient" duration-ms="710" started-at="2021-11-03T15:34:58 IST" finished-at="2021-11-03T15:34:59 IST">
          <reporter-output>
          </reporter-output>
        </test-method> <!-- validateClient -->
        <test-method status="PASS" signature="clientFirstAndLastName()[pri:2, instance:Clients.EditClientTest@229c6181]" name="clientFirstAndLastName" duration-ms="624" started-at="2021-11-03T15:34:59 IST" finished-at="2021-11-03T15:35:00 IST">
          <reporter-output>
          </reporter-output>
        </test-method> <!-- clientFirstAndLastName -->
        <test-method status="PASS" signature="clientAddress()[pri:3, instance:Clients.EditClientTest@229c6181]" name="clientAddress" duration-ms="473" started-at="2021-11-03T15:35:00 IST" finished-at="2021-11-03T15:35:00 IST">
          <reporter-output>
          </reporter-output>
        </test-method> <!-- clientAddress -->
        <test-method status="PASS" signature="clientPhNoAndFax()[pri:4, instance:Clients.EditClientTest@229c6181]" name="clientPhNoAndFax" duration-ms="421" started-at="2021-11-03T15:35:00 IST" finished-at="2021-11-03T15:35:01 IST">
          <reporter-output>
          </reporter-output>
        </test-method> <!-- clientPhNoAndFax -->
        <test-method status="PASS" signature="clientWebsite()[pri:5, instance:Clients.EditClientTest@229c6181]" name="clientWebsite" duration-ms="275" started-at="2021-11-03T15:35:01 IST" finished-at="2021-11-03T15:35:01 IST">
          <reporter-output>
          </reporter-output>
        </test-method> <!-- clientWebsite -->
        <test-method status="PASS" signature="clientPhoto()[pri:6, instance:Clients.EditClientTest@229c6181]" name="clientPhoto" duration-ms="3070" started-at="2021-11-03T15:35:01 IST" finished-at="2021-11-03T15:35:04 IST">
          <reporter-output>
          </reporter-output>
        </test-method> <!-- clientPhoto -->
      </class> <!-- Clients.EditClientTest -->
    </test> <!-- Default test -->
  </suite> <!-- Default suite -->
</testng-results>
