<?xml version="1.0" encoding="UTF-8"?>
<testng-results skipped="0" failed="0" ignored="0" total="8" passed="8">
  <reporter-output>
  </reporter-output>
  <suite name="Default suite" duration-ms="13139" started-at="2021-09-23T11:46:38 IST" finished-at="2021-09-23T11:46:51 IST">
    <groups>
    </groups>
    <test name="Default test" duration-ms="13139" started-at="2021-09-23T11:46:38 IST" finished-at="2021-09-23T11:46:51 IST">
      <class name="Clients.AddClientTest">
        <test-method status="PASS" signature="bTest()[pri:0, instance:Clients.AddClientTest@791f145a]" name="bTest" is-config="true" duration-ms="5563" started-at="2021-09-23T11:46:38 IST" finished-at="2021-09-23T11:46:44 IST">
          <reporter-output>
          </reporter-output>
        </test-method> <!-- bTest -->
        <test-method status="PASS" signature="verifyClientSideButton()[pri:0, instance:Clients.AddClientTest@791f145a]" name="verifyClientSideButton" duration-ms="2275" started-at="2021-09-23T11:46:44 IST" finished-at="2021-09-23T11:46:46 IST">
          <reporter-output>
          </reporter-output>
        </test-method> <!-- verifyClientSideButton -->
        <test-method status="PASS" signature="verifyClientAddButton()[pri:1, instance:Clients.AddClientTest@791f145a]" name="verifyClientAddButton" duration-ms="235" started-at="2021-09-23T11:46:46 IST" finished-at="2021-09-23T11:46:46 IST">
          <reporter-output>
          </reporter-output>
        </test-method> <!-- verifyClientAddButton -->
        <test-method status="PASS" signature="clientFirstAndLastName()[pri:2, instance:Clients.AddClientTest@791f145a]" name="clientFirstAndLastName" duration-ms="394" started-at="2021-09-23T11:46:46 IST" finished-at="2021-09-23T11:46:47 IST">
          <reporter-output>
          </reporter-output>
        </test-method> <!-- clientFirstAndLastName -->
        <test-method status="PASS" signature="clientEmail()[pri:3, instance:Clients.AddClientTest@791f145a]" name="clientEmail" duration-ms="310" started-at="2021-09-23T11:46:47 IST" finished-at="2021-09-23T11:46:47 IST">
          <reporter-output>
          </reporter-output>
        </test-method> <!-- clientEmail -->
        <test-method status="PASS" signature="clientAddress()[pri:4, instance:Clients.AddClientTest@791f145a]" name="clientAddress" duration-ms="447" started-at="2021-09-23T11:46:47 IST" finished-at="2021-09-23T11:46:47 IST">
          <reporter-output>
          </reporter-output>
        </test-method> <!-- clientAddress -->
        <test-method status="PASS" signature="clientPhNoAndFax()[pri:5, instance:Clients.AddClientTest@791f145a]" name="clientPhNoAndFax" duration-ms="266" started-at="2021-09-23T11:46:47 IST" finished-at="2021-09-23T11:46:48 IST">
          <reporter-output>
          </reporter-output>
        </test-method> <!-- clientPhNoAndFax -->
        <test-method status="PASS" signature="clientWebsite()[pri:6, instance:Clients.AddClientTest@791f145a]" name="clientWebsite" duration-ms="213" started-at="2021-09-23T11:46:48 IST" finished-at="2021-09-23T11:46:48 IST">
          <reporter-output>
          </reporter-output>
        </test-method> <!-- clientWebsite -->
        <test-method status="PASS" signature="clientPhoto()[pri:7, instance:Clients.AddClientTest@791f145a]" name="clientPhoto" duration-ms="3139" started-at="2021-09-23T11:46:48 IST" finished-at="2021-09-23T11:46:51 IST">
          <reporter-output>
          </reporter-output>
        </test-method> <!-- clientPhoto -->
        <test-method status="PASS" signature="tearDown()[pri:0, instance:Clients.AddClientTest@791f145a]" name="tearDown" is-config="true" duration-ms="226" started-at="2021-09-23T11:46:51 IST" finished-at="2021-09-23T11:46:51 IST">
          <reporter-output>
          </reporter-output>
        </test-method> <!-- tearDown -->
      </class> <!-- Clients.AddClientTest -->
    </test> <!-- Default test -->
  </suite> <!-- Default suite -->
</testng-results>
